Using pre-set license
Built from '2021.1/staging' branch; Version is '2021.1.5f1 (3737af19df53) revision 3618735'; Using compiler version '192528614'; Build Type 'Release'
OS: 'Windows 10 Home; OS build 19041.928; Version 2004; 64bit' Language: 'en' Physical Memory: 49019 MB
BatchMode: 1, IsHumanControllingUs: 0, StartBugReporterOnCrash: 0, Is64bit: 1, IsPro: 0

 COMMAND LINE ARGUMENTS:
G:\Unity\2021.1.5f1\Editor\Unity.exe
-adb2
-batchMode
-noUpm
-name
AssetImportWorker0
-projectPath
G:/Coding/Unity Projects/Procedual_Prototype
-logFile
Logs/AssetImportWorker0.log
-srvPort
24802
Successfully changed project path to: G:/Coding/Unity Projects/Procedual_Prototype
G:/Coding/Unity Projects/Procedual_Prototype
Using Asset Import Pipeline V2.
Refreshing native plugins compatible for Editor in 78.46 ms, found 1 plugins.
Preloading 0 native plugins for Editor in 0.00 ms.
Initialize engine version: 2021.1.5f1 (3737af19df53)
[Subsystems] Discovering subsystems at path G:/Unity/2021.1.5f1/Editor/Data/Resources/UnitySubsystems
[Subsystems] Discovering subsystems at path G:/Coding/Unity Projects/Procedual_Prototype/Assets
GfxDevice: creating device client; threaded=0; jobified=0
Direct3D:
    Version:  Direct3D 11.0 [level 11.1]
    Renderer: NVIDIA GeForce GTX 970 (ID=0x13c2)
    Vendor:   NVIDIA
    VRAM:     4043 MB
    Driver:   27.21.14.5671
Initialize mono
Mono path[0] = 'G:/Unity/2021.1.5f1/Editor/Data/Managed'
Mono path[1] = 'G:/Unity/2021.1.5f1/Editor/Data/MonoBleedingEdge/lib/mono/unityjit'
Mono config path = 'G:/Unity/2021.1.5f1/Editor/Data/MonoBleedingEdge/etc'
Using monoOptions --debugger-agent=transport=dt_socket,embedding=1,server=y,suspend=n,address=127.0.0.1:56768
Begin MonoManager ReloadAssembly
Registering precompiled unity dll's ...
Register platform support module: G:/Unity/2021.1.5f1/Editor/Data/PlaybackEngines/WebGLSupport/UnityEditor.WebGL.Extensions.dll
Register platform support module: G:/Unity/2021.1.5f1/Editor/Data/PlaybackEngines/WindowsStandaloneSupport/UnityEditor.WindowsStandalone.Extensions.dll
Registered in 0.001276 seconds.
Native extension for WindowsStandalone target not found
Native extension for WebGL target not found
Refreshing native plugins compatible for Editor in 77.30 ms, found 1 plugins.
Preloading 0 native plugins for Editor in 0.00 ms.
Mono: successfully reloaded assembly
- Completed reload, in  1.224 seconds
Platform modules already initialized, skipping
Registering precompiled user dll's ...
Registered in 0.002564 seconds.
Begin MonoManager ReloadAssembly
Native extension for WindowsStandalone target not found
Native extension for WebGL target not found
Refreshing native plugins compatible for Editor in 75.68 ms, found 1 plugins.
Preloading 0 native plugins for Editor in 0.00 ms.
Mono: successfully reloaded assembly
- Completed reload, in  1.005 seconds
Platform modules already initialized, skipping
========================================================================
Worker process is ready to serve import requests
Launched and connected shader compiler UnityShaderCompiler.exe after 0.04 seconds
Refreshing native plugins compatible for Editor in 0.59 ms, found 1 plugins.
Preloading 0 native plugins for Editor in 0.00 ms.
Unloading 2963 Unused Serialized files (Serialized files now loaded: 0)
System memory in use before: 109.1 MB.
System memory in use after: 109.3 MB.

Unloading 17 unused Assets to reduce memory usage. Loaded Objects now: 3419.
Total: 2.195600 ms (FindLiveObjects: 0.220400 ms CreateObjectMapping: 0.123200 ms MarkObjects: 1.782600 ms  DeleteObjects: 0.068700 ms)

========================================================================
Received Import Request.
  path: Assets/InputActions/PlayerInput.inputactions
  artifactKey: Guid(d5d2144118cf3654fb7153c4a29d9b2b) Importer(815301076,1909f56bfc062723c751e8b465ee728b)
Start importing Assets/InputActions/PlayerInput.inputactions using Guid(d5d2144118cf3654fb7153c4a29d9b2b) Importer(815301076,1909f56bfc062723c751e8b465ee728b)  -> (artifact id: '6ae3c27f28b7926023a9187136b14d47') in 0.037925 seconds 
========================================================================
Received Import Request.
  Time since last request: 50.691543 seconds.
  path: Assets/InputActions/PlayerInput.inputactions
  artifactKey: Guid(d5d2144118cf3654fb7153c4a29d9b2b) Importer(815301076,1909f56bfc062723c751e8b465ee728b)
Start importing Assets/InputActions/PlayerInput.inputactions using Guid(d5d2144118cf3654fb7153c4a29d9b2b) Importer(815301076,1909f56bfc062723c751e8b465ee728b)  -> (artifact id: '5af4ad030a54ee575eb705e9480904d4') in 0.006328 seconds 
========================================================================
Received Import Request.
  Time since last request: 6.994179 seconds.
  path: Assets/InputActions/GameInput.inputactions
  artifactKey: Guid(d5d2144118cf3654fb7153c4a29d9b2b) Importer(815301076,1909f56bfc062723c751e8b465ee728b)
Start importing Assets/InputActions/GameInput.inputactions using Guid(d5d2144118cf3654fb7153c4a29d9b2b) Importer(815301076,1909f56bfc062723c751e8b465ee728b)  -> (artifact id: 'be05d36623ff1d69abe28f8cd526f6dd') in 0.002745 seconds 
========================================================================
Received Import Request.
  Time since last request: 127.338570 seconds.
  path: Assets/InputActions/GameInput.inputactions
  artifactKey: Guid(d5d2144118cf3654fb7153c4a29d9b2b) Importer(815301076,1909f56bfc062723c751e8b465ee728b)
Start importing Assets/InputActions/GameInput.inputactions using Guid(d5d2144118cf3654fb7153c4a29d9b2b) Importer(815301076,1909f56bfc062723c751e8b465ee728b)  -> (artifact id: '68db56a9e76b0e9f555c41ffb0bd2c8e') in 0.004407 seconds 
========================================================================
Received Import Request.
  Time since last request: 700.919735 seconds.
  path: Assets/InputActions/GameInput.inputactions
  artifactKey: Guid(d5d2144118cf3654fb7153c4a29d9b2b) Importer(815301076,1909f56bfc062723c751e8b465ee728b)
Start importing Assets/InputActions/GameInput.inputactions using Guid(d5d2144118cf3654fb7153c4a29d9b2b) Importer(815301076,1909f56bfc062723c751e8b465ee728b)  -> (artifact id: '202e4a9c09747bc7bb50d27b9848c7ba') in 0.010272 seconds 
========================================================================
Received Import Request.
  Time since last request: 39.414631 seconds.
  path: Assets/InputActions/GameInput.inputactions
  artifactKey: Guid(d5d2144118cf3654fb7153c4a29d9b2b) Importer(815301076,1909f56bfc062723c751e8b465ee728b)
Start importing Assets/InputActions/GameInput.inputactions using Guid(d5d2144118cf3654fb7153c4a29d9b2b) Importer(815301076,1909f56bfc062723c751e8b465ee728b)  -> (artifact id: '6356bdc609c1dc3bb895c3222ed22618') in 0.007360 seconds 
========================================================================
Received Import Request.
  Time since last request: 0.797415 seconds.
  path: Assets/InputActions/GameInput.cs
  artifactKey: Guid(0afcbbda8e1a3e744a28f95bc5cb81cc) Importer(815301076,1909f56bfc062723c751e8b465ee728b)
Start importing Assets/InputActions/GameInput.cs using Guid(0afcbbda8e1a3e744a28f95bc5cb81cc) Importer(815301076,1909f56bfc062723c751e8b465ee728b)  -> (artifact id: '996982e2b2e5272d8bcacec68edfd261') in 0.006275 seconds 
========================================================================
Received Prepare
Registering precompiled user dll's ...
Registered in 0.006472 seconds.
Begin MonoManager ReloadAssembly
Native extension for WindowsStandalone target not found
Native extension for WebGL target not found
Refreshing native plugins compatible for Editor in 0.51 ms, found 1 plugins.
Preloading 0 native plugins for Editor in 0.00 ms.
Mono: successfully reloaded assembly
- Completed reload, in  1.010 seconds
Platform modules already initialized, skipping
Refreshing native plugins compatible for Editor in 0.49 ms, found 1 plugins.
Preloading 0 native plugins for Editor in 0.00 ms.
Unloading 2959 Unused Serialized files (Serialized files now loaded: 0)
System memory in use before: 109.3 MB.
System memory in use after: 109.5 MB.

Unloading 10 unused Assets to reduce memory usage. Loaded Objects now: 3423.
Total: 2.024900 ms (FindLiveObjects: 0.222900 ms CreateObjectMapping: 0.130100 ms MarkObjects: 1.625000 ms  DeleteObjects: 0.045900 ms)

========================================================================
Received Prepare
Registering precompiled user dll's ...
Registered in 0.004433 seconds.
Begin MonoManager ReloadAssembly
Native extension for WindowsStandalone target not found
Native extension for WebGL target not found
Refreshing native plugins compatible for Editor in 0.76 ms, found 1 plugins.
Preloading 0 native plugins for Editor in 0.00 ms.
Mono: successfully reloaded assembly
- Completed reload, in  0.963 seconds
Platform modules already initialized, skipping
Refreshing native plugins compatible for Editor in 0.48 ms, found 1 plugins.
Preloading 0 native plugins for Editor in 0.00 ms.
Unloading 2959 Unused Serialized files (Serialized files now loaded: 0)
System memory in use before: 109.4 MB.
System memory in use after: 109.6 MB.

Unloading 10 unused Assets to reduce memory usage. Loaded Objects now: 3426.
Total: 1.886000 ms (FindLiveObjects: 0.214900 ms CreateObjectMapping: 0.110500 ms MarkObjects: 1.516000 ms  DeleteObjects: 0.043900 ms)

========================================================================
Received Prepare
Registering precompiled user dll's ...
Registered in 0.004268 seconds.
Begin MonoManager ReloadAssembly
Native extension for WindowsStandalone target not found
Native extension for WebGL target not found
Refreshing native plugins compatible for Editor in 0.48 ms, found 1 plugins.
Preloading 0 native plugins for Editor in 0.00 ms.
Mono: successfully reloaded assembly
- Completed reload, in  0.971 seconds
Platform modules already initialized, skipping
Refreshing native plugins compatible for Editor in 0.53 ms, found 1 plugins.
Preloading 0 native plugins for Editor in 0.00 ms.
Unloading 2959 Unused Serialized files (Serialized files now loaded: 0)
System memory in use before: 109.4 MB.
System memory in use after: 109.6 MB.

Unloading 10 unused Assets to reduce memory usage. Loaded Objects now: 3429.
Total: 2.503400 ms (FindLiveObjects: 0.239200 ms CreateObjectMapping: 0.161400 ms MarkObjects: 2.047200 ms  DeleteObjects: 0.054300 ms)

========================================================================
Received Prepare
Registering precompiled user dll's ...
Registered in 0.007848 seconds.
Begin MonoManager ReloadAssembly
Native extension for WindowsStandalone target not found
Native extension for WebGL target not found
Refreshing native plugins compatible for Editor in 0.48 ms, found 1 plugins.
Preloading 0 native plugins for Editor in 0.00 ms.
Mono: successfully reloaded assembly
- Completed reload, in  0.972 seconds
Platform modules already initialized, skipping
Refreshing native plugins compatible for Editor in 1.78 ms, found 1 plugins.
Preloading 0 native plugins for Editor in 0.00 ms.
Unloading 2959 Unused Serialized files (Serialized files now loaded: 0)
System memory in use before: 109.4 MB.
System memory in use after: 109.6 MB.

Unloading 10 unused Assets to reduce memory usage. Loaded Objects now: 3432.
Total: 2.930500 ms (FindLiveObjects: 0.437800 ms CreateObjectMapping: 0.294700 ms MarkObjects: 2.124200 ms  DeleteObjects: 0.072000 ms)

========================================================================
Received Prepare
Registering precompiled user dll's ...
Registered in 0.004471 seconds.
Begin MonoManager ReloadAssembly
Native extension for WindowsStandalone target not found
Native extension for WebGL target not found
Refreshing native plugins compatible for Editor in 0.48 ms, found 1 plugins.
Preloading 0 native plugins for Editor in 0.00 ms.
Mono: successfully reloaded assembly
- Completed reload, in  0.856 seconds
Platform modules already initialized, skipping
Refreshing native plugins compatible for Editor in 0.49 ms, found 1 plugins.
Preloading 0 native plugins for Editor in 0.00 ms.
Unloading 2959 Unused Serialized files (Serialized files now loaded: 0)
System memory in use before: 109.4 MB.
System memory in use after: 109.6 MB.

Unloading 10 unused Assets to reduce memory usage. Loaded Objects now: 3435.
Total: 2.013500 ms (FindLiveObjects: 0.209800 ms CreateObjectMapping: 0.122700 ms MarkObjects: 1.634400 ms  DeleteObjects: 0.045300 ms)

========================================================================
Received Prepare
Registering precompiled user dll's ...
Registered in 0.005170 seconds.
Begin MonoManager ReloadAssembly
Native extension for WindowsStandalone target not found
Native extension for WebGL target not found
Refreshing native plugins compatible for Editor in 0.55 ms, found 1 plugins.
Preloading 0 native plugins for Editor in 0.00 ms.
Mono: successfully reloaded assembly
- Completed reload, in  0.929 seconds
Platform modules already initialized, skipping
Refreshing native plugins compatible for Editor in 0.61 ms, found 1 plugins.
Preloading 0 native plugins for Editor in 0.00 ms.
Unloading 2959 Unused Serialized files (Serialized files now loaded: 0)
System memory in use before: 109.4 MB.
System memory in use after: 109.6 MB.

Unloading 10 unused Assets to reduce memory usage. Loaded Objects now: 3438.
Total: 3.088400 ms (FindLiveObjects: 0.374400 ms CreateObjectMapping: 0.214500 ms MarkObjects: 2.428800 ms  DeleteObjects: 0.069000 ms)

========================================================================
Received Prepare
Registering precompiled user dll's ...
Registered in 0.007069 seconds.
Begin MonoManager ReloadAssembly
Native extension for WindowsStandalone target not found
Native extension for WebGL target not found
Refreshing native plugins compatible for Editor in 0.51 ms, found 1 plugins.
Preloading 0 native plugins for Editor in 0.00 ms.
Mono: successfully reloaded assembly
- Completed reload, in  0.996 seconds
Platform modules already initialized, skipping
Refreshing native plugins compatible for Editor in 0.48 ms, found 1 plugins.
Preloading 0 native plugins for Editor in 0.00 ms.
Unloading 2959 Unused Serialized files (Serialized files now loaded: 0)
System memory in use before: 109.5 MB.
System memory in use after: 109.7 MB.

Unloading 10 unused Assets to reduce memory usage. Loaded Objects now: 3441.
Total: 1.962400 ms (FindLiveObjects: 0.224300 ms CreateObjectMapping: 0.122800 ms MarkObjects: 1.566200 ms  DeleteObjects: 0.048300 ms)

========================================================================
Received Prepare
Registering precompiled user dll's ...
Registered in 0.005237 seconds.
Begin MonoManager ReloadAssembly
Native extension for WindowsStandalone target not found
Native extension for WebGL target not found
Refreshing native plugins compatible for Editor in 0.56 ms, found 1 plugins.
Preloading 0 native plugins for Editor in 0.00 ms.
Mono: successfully reloaded assembly
- Completed reload, in  0.825 seconds
Platform modules already initialized, skipping
Refreshing native plugins compatible for Editor in 0.48 ms, found 1 plugins.
Preloading 0 native plugins for Editor in 0.00 ms.
Unloading 2959 Unused Serialized files (Serialized files now loaded: 0)
System memory in use before: 109.5 MB.
System memory in use after: 109.7 MB.

Unloading 10 unused Assets to reduce memory usage. Loaded Objects now: 3444.
Total: 1.915200 ms (FindLiveObjects: 0.211500 ms CreateObjectMapping: 0.118800 ms MarkObjects: 1.544400 ms  DeleteObjects: 0.039800 ms)

========================================================================
Received Prepare
Registering precompiled user dll's ...
Registered in 0.008237 seconds.
Begin MonoManager ReloadAssembly
Native extension for WindowsStandalone target not found
Native extension for WebGL target not found
Refreshing native plugins compatible for Editor in 0.49 ms, found 1 plugins.
Preloading 0 native plugins for Editor in 0.00 ms.
Mono: successfully reloaded assembly
- Completed reload, in  0.972 seconds
Platform modules already initialized, skipping
Refreshing native plugins compatible for Editor in 0.63 ms, found 1 plugins.
Preloading 0 native plugins for Editor in 0.00 ms.
Unloading 2959 Unused Serialized files (Serialized files now loaded: 0)
System memory in use before: 109.5 MB.
System memory in use after: 109.7 MB.

Unloading 10 unused Assets to reduce memory usage. Loaded Objects now: 3447.
Total: 2.215100 ms (FindLiveObjects: 0.253100 ms CreateObjectMapping: 0.136100 ms MarkObjects: 1.774800 ms  DeleteObjects: 0.049800 ms)

========================================================================
Received Prepare
Registering precompiled user dll's ...
Registered in 0.004291 seconds.
Begin MonoManager ReloadAssembly
Native extension for WindowsStandalone target not found
Native extension for WebGL target not found
Refreshing native plugins compatible for Editor in 0.48 ms, found 1 plugins.
Preloading 0 native plugins for Editor in 0.00 ms.
Mono: successfully reloaded assembly
- Completed reload, in  0.816 seconds
Platform modules already initialized, skipping
Refreshing native plugins compatible for Editor in 0.49 ms, found 1 plugins.
Preloading 0 native plugins for Editor in 0.00 ms.
Unloading 2959 Unused Serialized files (Serialized files now loaded: 0)
System memory in use before: 109.5 MB.
System memory in use after: 109.7 MB.

Unloading 10 unused Assets to reduce memory usage. Loaded Objects now: 3450.
Total: 2.332500 ms (FindLiveObjects: 0.247300 ms CreateObjectMapping: 0.133100 ms MarkObjects: 1.897300 ms  DeleteObjects: 0.054100 ms)

========================================================================
Received Prepare
Registering precompiled user dll's ...
Registered in 0.004191 seconds.
Begin MonoManager ReloadAssembly
Native extension for WindowsStandalone target not found
Native extension for WebGL target not found
Refreshing native plugins compatible for Editor in 0.49 ms, found 1 plugins.
Preloading 0 native plugins for Editor in 0.00 ms.
Mono: successfully reloaded assembly
- Completed reload, in  0.863 seconds
Platform modules already initialized, skipping
Refreshing native plugins compatible for Editor in 0.51 ms, found 1 plugins.
Preloading 0 native plugins for Editor in 0.00 ms.
Unloading 2959 Unused Serialized files (Serialized files now loaded: 0)
System memory in use before: 109.5 MB.
System memory in use after: 109.7 MB.

Unloading 10 unused Assets to reduce memory usage. Loaded Objects now: 3453.
Total: 2.663200 ms (FindLiveObjects: 0.277100 ms CreateObjectMapping: 0.147700 ms MarkObjects: 2.188000 ms  DeleteObjects: 0.049100 ms)

========================================================================
Received Prepare
Registering precompiled user dll's ...
Registered in 0.004472 seconds.
Begin MonoManager ReloadAssembly
Native extension for WindowsStandalone target not found
Native extension for WebGL target not found
Refreshing native plugins compatible for Editor in 0.56 ms, found 1 plugins.
Preloading 0 native plugins for Editor in 0.00 ms.
Mono: successfully reloaded assembly
- Completed reload, in  0.887 seconds
Platform modules already initialized, skipping
Refreshing native plugins compatible for Editor in 0.49 ms, found 1 plugins.
Preloading 0 native plugins for Editor in 0.00 ms.
Unloading 2959 Unused Serialized files (Serialized files now loaded: 0)
System memory in use before: 109.5 MB.
System memory in use after: 109.7 MB.

Unloading 10 unused Assets to reduce memory usage. Loaded Objects now: 3456.
Total: 3.841400 ms (FindLiveObjects: 0.905900 ms CreateObjectMapping: 0.654900 ms MarkObjects: 2.222300 ms  DeleteObjects: 0.054100 ms)

========================================================================
Received Prepare
Registering precompiled user dll's ...
Registered in 0.004523 seconds.
Begin MonoManager ReloadAssembly
Native extension for WindowsStandalone target not found
Native extension for WebGL target not found
Refreshing native plugins compatible for Editor in 0.50 ms, found 1 plugins.
Preloading 0 native plugins for Editor in 0.00 ms.
Mono: successfully reloaded assembly
- Completed reload, in  0.812 seconds
Platform modules already initialized, skipping
Refreshing native plugins compatible for Editor in 0.48 ms, found 1 plugins.
Preloading 0 native plugins for Editor in 0.00 ms.
Unloading 2959 Unused Serialized files (Serialized files now loaded: 0)
System memory in use before: 109.5 MB.
System memory in use after: 109.7 MB.

Unloading 10 unused Assets to reduce memory usage. Loaded Objects now: 3459.
Total: 1.882700 ms (FindLiveObjects: 0.227300 ms CreateObjectMapping: 0.117300 ms MarkObjects: 1.498000 ms  DeleteObjects: 0.039000 ms)

========================================================================
Received Prepare
Registering precompiled user dll's ...
Registered in 0.004846 seconds.
Begin MonoManager ReloadAssembly
Native extension for WindowsStandalone target not found
Native extension for WebGL target not found
Refreshing native plugins compatible for Editor in 0.49 ms, found 1 plugins.
Preloading 0 native plugins for Editor in 0.00 ms.
Mono: successfully reloaded assembly
- Completed reload, in  0.850 seconds
Platform modules already initialized, skipping
Refreshing native plugins compatible for Editor in 0.48 ms, found 1 plugins.
Preloading 0 native plugins for Editor in 0.00 ms.
Unloading 2959 Unused Serialized files (Serialized files now loaded: 0)
System memory in use before: 109.5 MB.
System memory in use after: 109.7 MB.

Unloading 10 unused Assets to reduce memory usage. Loaded Objects now: 3462.
Total: 2.469400 ms (FindLiveObjects: 0.211300 ms CreateObjectMapping: 0.370100 ms MarkObjects: 1.793500 ms  DeleteObjects: 0.093400 ms)

========================================================================
Received Prepare
Registering precompiled user dll's ...
Registered in 0.005398 seconds.
Begin MonoManager ReloadAssembly
Native extension for WindowsStandalone target not found
Native extension for WebGL target not found
Refreshing native plugins compatible for Editor in 0.54 ms, found 1 plugins.
Preloading 0 native plugins for Editor in 0.00 ms.
Mono: successfully reloaded assembly
- Completed reload, in  0.995 seconds
Platform modules already initialized, skipping
Refreshing native plugins compatible for Editor in 0.61 ms, found 1 plugins.
Preloading 0 native plugins for Editor in 0.00 ms.
Unloading 2959 Unused Serialized files (Serialized files now loaded: 0)
System memory in use before: 109.5 MB.
System memory in use after: 109.7 MB.

Unloading 10 unused Assets to reduce memory usage. Loaded Objects now: 3465.
Total: 2.280700 ms (FindLiveObjects: 0.251800 ms CreateObjectMapping: 0.198800 ms MarkObjects: 1.786400 ms  DeleteObjects: 0.042800 ms)

========================================================================
Received Prepare
Registering precompiled user dll's ...
Registered in 0.005007 seconds.
Begin MonoManager ReloadAssembly
Native extension for WindowsStandalone target not found
Native extension for WebGL target not found
Refreshing native plugins compatible for Editor in 0.49 ms, found 1 plugins.
Preloading 0 native plugins for Editor in 0.00 ms.
Mono: successfully reloaded assembly
- Completed reload, in  0.810 seconds
Platform modules already initialized, skipping
Refreshing native plugins compatible for Editor in 0.83 ms, found 1 plugins.
Preloading 0 native plugins for Editor in 0.00 ms.
Unloading 2959 Unused Serialized files (Serialized files now loaded: 0)
System memory in use before: 109.5 MB.
System memory in use after: 109.7 MB.

Unloading 10 unused Assets to reduce memory usage. Loaded Objects now: 3468.
Total: 2.487300 ms (FindLiveObjects: 0.488400 ms CreateObjectMapping: 0.198200 ms MarkObjects: 1.747700 ms  DeleteObjects: 0.052100 ms)

========================================================================
Received Prepare
Registering precompiled user dll's ...
Registered in 0.004857 seconds.
Begin MonoManager ReloadAssembly
Native extension for WindowsStandalone target not found
Native extension for WebGL target not found
Refreshing native plugins compatible for Editor in 0.51 ms, found 1 plugins.
Preloading 0 native plugins for Editor in 0.00 ms.
Mono: successfully reloaded assembly
- Completed reload, in  0.981 seconds
Platform modules already initialized, skipping
Refreshing native plugins compatible for Editor in 1.23 ms, found 1 plugins.
Preloading 0 native plugins for Editor in 0.00 ms.
Unloading 2959 Unused Serialized files (Serialized files now loaded: 0)
System memory in use before: 109.5 MB.
System memory in use after: 109.7 MB.

Unloading 10 unused Assets to reduce memory usage. Loaded Objects now: 3471.
Total: 2.646000 ms (FindLiveObjects: 0.386300 ms CreateObjectMapping: 0.204100 ms MarkObjects: 2.004100 ms  DeleteObjects: 0.049900 ms)

========================================================================
Received Prepare
Registering precompiled user dll's ...
Registered in 0.005131 seconds.
Begin MonoManager ReloadAssembly
Native extension for WindowsStandalone target not found
Native extension for WebGL target not found
Refreshing native plugins compatible for Editor in 0.47 ms, found 1 plugins.
Preloading 0 native plugins for Editor in 0.00 ms.
Mono: successfully reloaded assembly
- Completed reload, in  0.960 seconds
Platform modules already initialized, skipping
Refreshing native plugins compatible for Editor in 0.49 ms, found 1 plugins.
Preloading 0 native plugins for Editor in 0.00 ms.
Unloading 2959 Unused Serialized files (Serialized files now loaded: 0)
System memory in use before: 109.5 MB.
System memory in use after: 109.7 MB.

Unloading 10 unused Assets to reduce memory usage. Loaded Objects now: 3474.
Total: 2.643000 ms (FindLiveObjects: 0.228000 ms CreateObjectMapping: 0.129500 ms MarkObjects: 2.233400 ms  DeleteObjects: 0.051300 ms)

========================================================================
Received Prepare
Registering precompiled user dll's ...
Registered in 0.004412 seconds.
Begin MonoManager ReloadAssembly
Native extension for WindowsStandalone target not found
Native extension for WebGL target not found
Refreshing native plugins compatible for Editor in 0.49 ms, found 1 plugins.
Preloading 0 native plugins for Editor in 0.00 ms.
Mono: successfully reloaded assembly
- Completed reload, in  0.956 seconds
Platform modules already initialized, skipping
Refreshing native plugins compatible for Editor in 0.65 ms, found 1 plugins.
Preloading 0 native plugins for Editor in 0.00 ms.
Unloading 2959 Unused Serialized files (Serialized files now loaded: 0)
System memory in use before: 109.5 MB.
System memory in use after: 109.7 MB.

Unloading 10 unused Assets to reduce memory usage. Loaded Objects now: 3477.
Total: 2.970900 ms (FindLiveObjects: 0.294000 ms CreateObjectMapping: 0.162100 ms MarkObjects: 2.462200 ms  DeleteObjects: 0.051600 ms)

========================================================================
Received Prepare
Registering precompiled user dll's ...
Registered in 0.006021 seconds.
Begin MonoManager ReloadAssembly
Native extension for WindowsStandalone target not found
Native extension for WebGL target not found
Refreshing native plugins compatible for Editor in 0.53 ms, found 1 plugins.
Preloading 0 native plugins for Editor in 0.00 ms.
Mono: successfully reloaded assembly
- Completed reload, in  1.021 seconds
Platform modules already initialized, skipping
Refreshing native plugins compatible for Editor in 0.50 ms, found 1 plugins.
Preloading 0 native plugins for Editor in 0.00 ms.
Unloading 2959 Unused Serialized files (Serialized files now loaded: 0)
System memory in use before: 109.6 MB.
System memory in use after: 109.8 MB.

Unloading 10 unused Assets to reduce memory usage. Loaded Objects now: 3480.
Total: 3.224900 ms (FindLiveObjects: 0.333800 ms CreateObjectMapping: 0.217800 ms MarkObjects: 2.626100 ms  DeleteObjects: 0.045900 ms)

========================================================================
Received Prepare
Registering precompiled user dll's ...
Registered in 0.004986 seconds.
Begin MonoManager ReloadAssembly
Native extension for WindowsStandalone target not found
Native extension for WebGL target not found
Refreshing native plugins compatible for Editor in 0.49 ms, found 1 plugins.
Preloading 0 native plugins for Editor in 0.00 ms.
Mono: successfully reloaded assembly
- Completed reload, in  0.806 seconds
Platform modules already initialized, skipping
Refreshing native plugins compatible for Editor in 0.82 ms, found 1 plugins.
Preloading 0 native plugins for Editor in 0.00 ms.
Unloading 2959 Unused Serialized files (Serialized files now loaded: 0)
System memory in use before: 109.6 MB.
System memory in use after: 109.8 MB.

Unloading 10 unused Assets to reduce memory usage. Loaded Objects now: 3483.
Total: 2.201600 ms (FindLiveObjects: 0.293000 ms CreateObjectMapping: 0.160700 ms MarkObjects: 1.695500 ms  DeleteObjects: 0.051300 ms)

========================================================================
Received Prepare
Registering precompiled user dll's ...
Registered in 0.005341 seconds.
Begin MonoManager ReloadAssembly
Native extension for WindowsStandalone target not found
Native extension for WebGL target not found
Refreshing native plugins compatible for Editor in 0.54 ms, found 1 plugins.
Preloading 0 native plugins for Editor in 0.00 ms.
Mono: successfully reloaded assembly
- Completed reload, in  0.993 seconds
Platform modules already initialized, skipping
Refreshing native plugins compatible for Editor in 0.62 ms, found 1 plugins.
Preloading 0 native plugins for Editor in 0.00 ms.
Unloading 2959 Unused Serialized files (Serialized files now loaded: 0)
System memory in use before: 109.6 MB.
System memory in use after: 109.8 MB.

Unloading 10 unused Assets to reduce memory usage. Loaded Objects now: 3486.
Total: 2.355700 ms (FindLiveObjects: 0.283500 ms CreateObjectMapping: 0.159100 ms MarkObjects: 1.866900 ms  DeleteObjects: 0.045200 ms)

========================================================================
Received Prepare
Registering precompiled user dll's ...
Registered in 0.004792 seconds.
Begin MonoManager ReloadAssembly
Native extension for WindowsStandalone target not found
Native extension for WebGL target not found
Refreshing native plugins compatible for Editor in 0.55 ms, found 1 plugins.
Preloading 0 native plugins for Editor in 0.00 ms.
Mono: successfully reloaded assembly
- Completed reload, in  0.819 seconds
Platform modules already initialized, skipping
Refreshing native plugins compatible for Editor in 0.62 ms, found 1 plugins.
Preloading 0 native plugins for Editor in 0.00 ms.
Unloading 2959 Unused Serialized files (Serialized files now loaded: 0)
System memory in use before: 109.6 MB.
System memory in use after: 109.8 MB.

Unloading 10 unused Assets to reduce memory usage. Loaded Objects now: 3489.
Total: 2.095900 ms (FindLiveObjects: 0.272000 ms CreateObjectMapping: 0.144700 ms MarkObjects: 1.631000 ms  DeleteObjects: 0.047300 ms)

========================================================================
Received Prepare
Registering precompiled user dll's ...
Registered in 0.004274 seconds.
Begin MonoManager ReloadAssembly
Native extension for WindowsStandalone target not found
Native extension for WebGL target not found
Refreshing native plugins compatible for Editor in 0.67 ms, found 1 plugins.
Preloading 0 native plugins for Editor in 0.00 ms.
Mono: successfully reloaded assembly
- Completed reload, in  0.863 seconds
Platform modules already initialized, skipping
Refreshing native plugins compatible for Editor in 0.51 ms, found 1 plugins.
Preloading 0 native plugins for Editor in 0.00 ms.
Unloading 2959 Unused Serialized files (Serialized files now loaded: 0)
System memory in use before: 109.6 MB.
System memory in use after: 109.8 MB.

Unloading 10 unused Assets to reduce memory usage. Loaded Objects now: 3492.
Total: 2.450500 ms (FindLiveObjects: 0.311900 ms CreateObjectMapping: 0.164900 ms MarkObjects: 1.920300 ms  DeleteObjects: 0.052200 ms)

========================================================================
Received Import Request.
  Time since last request: 889.858600 seconds.
  path: Assets/InputActions/GameInput.inputactions
  artifactKey: Guid(d5d2144118cf3654fb7153c4a29d9b2b) Importer(815301076,1909f56bfc062723c751e8b465ee728b)
Start importing Assets/InputActions/GameInput.inputactions using Guid(d5d2144118cf3654fb7153c4a29d9b2b) Importer(815301076,1909f56bfc062723c751e8b465ee728b)  -> (artifact id: 'dd67cfbe66f21b2962da7b329ca1c8be') in 0.029720 seconds 
========================================================================
Received Prepare
Registering precompiled user dll's ...
Registered in 0.004377 seconds.
Begin MonoManager ReloadAssembly
Native extension for WindowsStandalone target not found
Native extension for WebGL target not found
Refreshing native plugins compatible for Editor in 0.48 ms, found 1 plugins.
Preloading 0 native plugins for Editor in 0.00 ms.
Mono: successfully reloaded assembly
- Completed reload, in  0.832 seconds
Platform modules already initialized, skipping
Refreshing native plugins compatible for Editor in 0.52 ms, found 1 plugins.
Preloading 0 native plugins for Editor in 0.00 ms.
Unloading 2959 Unused Serialized files (Serialized files now loaded: 0)
System memory in use before: 109.6 MB.
System memory in use after: 109.8 MB.

Unloading 10 unused Assets to reduce memory usage. Loaded Objects now: 3495.
Total: 2.304200 ms (FindLiveObjects: 0.314200 ms CreateObjectMapping: 0.140700 ms MarkObjects: 1.804000 ms  DeleteObjects: 0.044500 ms)

========================================================================
Received Import Request.
  Time since last request: 7.810097 seconds.
  path: Assets/InputActions/GameInput.cs
  artifactKey: Guid(0afcbbda8e1a3e744a28f95bc5cb81cc) Importer(815301076,1909f56bfc062723c751e8b465ee728b)
Start importing Assets/InputActions/GameInput.cs using Guid(0afcbbda8e1a3e744a28f95bc5cb81cc) Importer(815301076,1909f56bfc062723c751e8b465ee728b)  -> (artifact id: '64be52a5727f56cdca30f9e0ad37f74e') in 0.008365 seconds 
========================================================================
Received Prepare
Registering precompiled user dll's ...
Registered in 0.005704 seconds.
Begin MonoManager ReloadAssembly
Native extension for WindowsStandalone target not found
Native extension for WebGL target not found
Refreshing native plugins compatible for Editor in 1.41 ms, found 1 plugins.
Preloading 0 native plugins for Editor in 0.00 ms.
Mono: successfully reloaded assembly
- Completed reload, in  0.860 seconds
Platform modules already initialized, skipping
Refreshing native plugins compatible for Editor in 0.54 ms, found 1 plugins.
Preloading 0 native plugins for Editor in 0.00 ms.
Unloading 2958 Unused Serialized files (Serialized files now loaded: 0)
System memory in use before: 109.6 MB.
System memory in use after: 109.8 MB.

Unloading 11 unused Assets to reduce memory usage. Loaded Objects now: 3497.
Total: 2.142000 ms (FindLiveObjects: 0.220800 ms CreateObjectMapping: 0.113400 ms MarkObjects: 1.753600 ms  DeleteObjects: 0.053100 ms)

========================================================================
Received Import Request.
  Time since last request: 65.463894 seconds.
  path: Assets/InputActions/GameInput.inputactions
  artifactKey: Guid(d5d2144118cf3654fb7153c4a29d9b2b) Importer(815301076,1909f56bfc062723c751e8b465ee728b)
Start importing Assets/InputActions/GameInput.inputactions using Guid(d5d2144118cf3654fb7153c4a29d9b2b) Importer(815301076,1909f56bfc062723c751e8b465ee728b)  -> (artifact id: '953229574c7282ff82f5f1bff52cbdea') in 0.021079 seconds 
========================================================================
Received Prepare
Registering precompiled user dll's ...
Registered in 0.004997 seconds.
Begin MonoManager ReloadAssembly
Native extension for WindowsStandalone target not found
Native extension for WebGL target not found
Refreshing native plugins compatible for Editor in 0.58 ms, found 1 plugins.
Preloading 0 native plugins for Editor in 0.00 ms.
Mono: successfully reloaded assembly
- Completed reload, in  0.823 seconds
Platform modules already initialized, skipping
Refreshing native plugins compatible for Editor in 0.48 ms, found 1 plugins.
Preloading 0 native plugins for Editor in 0.00 ms.
Unloading 2959 Unused Serialized files (Serialized files now loaded: 0)
System memory in use before: 109.6 MB.
System memory in use after: 109.8 MB.

Unloading 10 unused Assets to reduce memory usage. Loaded Objects now: 3501.
Total: 2.262300 ms (FindLiveObjects: 0.237400 ms CreateObjectMapping: 0.134200 ms MarkObjects: 1.844400 ms  DeleteObjects: 0.045300 ms)

========================================================================
Received Import Request.
  Time since last request: 5.366777 seconds.
  path: Assets/InputActions/GameInput.cs
  artifactKey: Guid(0afcbbda8e1a3e744a28f95bc5cb81cc) Importer(815301076,1909f56bfc062723c751e8b465ee728b)
Start importing Assets/InputActions/GameInput.cs using Guid(0afcbbda8e1a3e744a28f95bc5cb81cc) Importer(815301076,1909f56bfc062723c751e8b465ee728b)  -> (artifact id: 'f7f1ba3157d5fc01972ba148f9d41ce1') in 0.006172 seconds 
========================================================================
Received Prepare
Registering precompiled user dll's ...
Registered in 0.009118 seconds.
Begin MonoManager ReloadAssembly
Native extension for WindowsStandalone target not found
Native extension for WebGL target not found
Refreshing native plugins compatible for Editor in 0.52 ms, found 1 plugins.
Preloading 0 native plugins for Editor in 0.00 ms.
Mono: successfully reloaded assembly
- Completed reload, in  0.983 seconds
Platform modules already initialized, skipping
Refreshing native plugins compatible for Editor in 0.50 ms, found 1 plugins.
Preloading 0 native plugins for Editor in 0.00 ms.
Unloading 2959 Unused Serialized files (Serialized files now loaded: 0)
System memory in use before: 109.6 MB.
System memory in use after: 109.8 MB.

Unloading 10 unused Assets to reduce memory usage. Loaded Objects now: 3504.
Total: 2.452200 ms (FindLiveObjects: 0.246200 ms CreateObjectMapping: 0.131200 ms MarkObjects: 2.030400 ms  DeleteObjects: 0.043400 ms)

========================================================================
Received Import Request.
  Time since last request: 176.239605 seconds.
  path: Assets/InputActions/GameInput.inputactions
  artifactKey: Guid(d5d2144118cf3654fb7153c4a29d9b2b) Importer(815301076,1909f56bfc062723c751e8b465ee728b)
Start importing Assets/InputActions/GameInput.inputactions using Guid(d5d2144118cf3654fb7153c4a29d9b2b) Importer(815301076,1909f56bfc062723c751e8b465ee728b)  -> (artifact id: '3fdf61b469a7db8dd48eb6cd6d94284c') in 0.022530 seconds 
========================================================================
Received Prepare
Registering precompiled user dll's ...
Registered in 0.003810 seconds.
Begin MonoManager ReloadAssembly
Native extension for WindowsStandalone target not found
Native extension for WebGL target not found
Refreshing native plugins compatible for Editor in 0.55 ms, found 1 plugins.
Preloading 0 native plugins for Editor in 0.00 ms.
Mono: successfully reloaded assembly
- Completed reload, in  0.839 seconds
Platform modules already initialized, skipping
Refreshing native plugins compatible for Editor in 0.48 ms, found 1 plugins.
Preloading 0 native plugins for Editor in 0.00 ms.
Unloading 2959 Unused Serialized files (Serialized files now loaded: 0)
System memory in use before: 109.6 MB.
System memory in use after: 109.8 MB.

Unloading 10 unused Assets to reduce memory usage. Loaded Objects now: 3507.
Total: 2.019300 ms (FindLiveObjects: 0.261500 ms CreateObjectMapping: 0.122700 ms MarkObjects: 1.584400 ms  DeleteObjects: 0.049900 ms)

AssetImportWorkerClient::OnTransportError - code=2 error=End of file
